<?xml version="1.0" encoding="UTF-8"?>
<!-- Generated by org.testng.reporters.JUnitReportReporter -->
<testsuite skipped="0" hostname="BDC4-L-1SL6QQ2" name="mytestnglisteners.com.Demo4_Robot1" tests="1" failures="0" timestamp="14 Feb 2019 09:25:11 GMT" time="21.008" errors="0">
  <testcase name="f" time="21.008" classname="mytestnglisteners.com.Demo4_Robot1"/>
</testsuite> <!-- mytestnglisteners.com.Demo4_Robot1 -->
