<?xml version="1.0" encoding="UTF-8"?>
<!-- Generated by org.testng.reporters.JUnitReportReporter -->
<testsuite skipped="0" hostname="BDC4-L-1SL6QQ2" name="com.test.Demo5_Fileuploading_sendkeys" tests="1" failures="0" timestamp="14 Feb 2019 07:00:44 GMT" time="43.339" errors="0">
  <testcase name="f" time="43.339" classname="com.test.Demo5_Fileuploading_sendkeys"/>
</testsuite> <!-- com.test.Demo5_Fileuploading_sendkeys -->
