<?xml version="1.0" encoding="UTF-8"?>
<!-- Generated by org.testng.reporters.JUnitReportReporter -->
<testsuite skipped="0" hostname="BDC4-L-1SL6QQ2" name="com.test.Demo6_ExcelReading_1" tests="1" failures="0" timestamp="14 Feb 2019 10:53:02 GMT" time="22.133" errors="0">
  <testcase name="f" time="22.133" classname="com.test.Demo6_ExcelReading_1"/>
</testsuite> <!-- com.test.Demo6_ExcelReading_1 -->
