<?xml version="1.0" encoding="UTF-8"?>
<!-- Generated by org.testng.reporters.JUnitReportReporter -->
<testsuite skipped="0" hostname="BDC4-L-1SL6QQ2" name="com.test.extentreport" tests="1" failures="0" timestamp="15 Feb 2019 06:27:58 GMT" time="13.452" errors="0">
  <testcase name="logintest" time="13.452" classname="com.test.extentreport"/>
</testsuite> <!-- com.test.extentreport -->
