<?xml version="1.0" encoding="UTF-8"?>
<!-- Generated by org.testng.reporters.JUnitReportReporter -->
<testsuite skipped="0" hostname="BDC4-L-1SL6QQ2" name="mytestnglisteners.com.myfirsttestcase" tests="1" failures="0" timestamp="14 Feb 2019 09:15:15 GMT" time="14.121" errors="0">
  <testcase name="windowhandling" time="14.121" classname="mytestnglisteners.com.myfirsttestcase"/>
</testsuite> <!-- mytestnglisteners.com.myfirsttestcase -->
