<?xml version="1.0" encoding="UTF-8"?>
<!-- Generated by org.testng.reporters.JUnitReportReporter -->
<testsuite skipped="0" hostname="BDC4-L-1SL6QQ2" name="com.test.Demo4_Robot1" tests="1" failures="0" timestamp="14 Feb 2019 06:25:34 GMT" time="17.644" errors="0">
  <testcase name="f" time="17.644" classname="com.test.Demo4_Robot1"/>
</testsuite> <!-- com.test.Demo4_Robot1 -->
