<?xml version="1.0" encoding="UTF-8"?>
<!-- Generated by org.testng.reporters.JUnitReportReporter -->
<testsuite skipped="0" hostname="BDC4-L-1SL6QQ2" name="com.test.Demo2_WindowsHandling" tests="1" failures="0" timestamp="14 Feb 2019 04:00:27 GMT" time="15.793" errors="0">
  <testcase name="windowshandling" time="15.793" classname="com.test.Demo2_WindowsHandling"/>
</testsuite> <!-- com.test.Demo2_WindowsHandling -->
