<?xml version="1.0" encoding="UTF-8"?>
<!-- Generated by org.testng.reporters.JUnitReportReporter -->
<testsuite skipped="0" hostname="BDC4-L-1SL6QQ2" name="mytestnglisteners.com.TestNGListeners" tests="1" failures="0" timestamp="14 Feb 2019 09:16:51 GMT" time="0.023" errors="0">
  <testcase name="f" time="0.023" classname="mytestnglisteners.com.TestNGListeners"/>
</testsuite> <!-- mytestnglisteners.com.TestNGListeners -->
