<?xml version="1.0" encoding="UTF-8"?>
<!-- Generated by org.testng.reporters.JUnitReportReporter -->
<testsuite skipped="0" hostname="BDC4-L-1SL6QQ2" name="com.test.Demo3_popupscenario" tests="1" failures="0" timestamp="14 Feb 2019 05:14:28 GMT" time="20.510" errors="0">
  <testcase name="popup" time="20.510" classname="com.test.Demo3_popupscenario"/>
</testsuite> <!-- com.test.Demo3_popupscenario -->
