<?xml version="1.0" encoding="UTF-8"?>
<!-- Generated by org.testng.reporters.JUnitReportReporter -->
<testsuite skipped="0" hostname="BDC4-L-1SL6QQ2" name="mytestnglisteners.com.Demo3_popupscenario" tests="1" failures="0" timestamp="14 Feb 2019 09:25:11 GMT" time="19.842" errors="0">
  <testcase name="popup" time="19.842" classname="mytestnglisteners.com.Demo3_popupscenario"/>
</testsuite> <!-- mytestnglisteners.com.Demo3_popupscenario -->
